c:\users\badum\desktop\arkanoidfinal\obj\arkanoid\debug\arkanoid.debug.pch
c:\users\badum\desktop\arkanoidfinal\obj\arkanoid\debug\vc120.pdb
c:\users\badum\desktop\arkanoidfinal\obj\arkanoid\debug\vc120.idb
c:\users\badum\desktop\arkanoidfinal\obj\arkanoid\debug\stdafx.obj
c:\users\badum\desktop\arkanoidfinal\obj\arkanoid\debug\ball.obj
c:\users\badum\desktop\arkanoidfinal\obj\arkanoid\debug\block.obj
c:\users\badum\desktop\arkanoidfinal\obj\arkanoid\debug\collider.obj
c:\users\badum\desktop\arkanoidfinal\obj\arkanoid\debug\collisionmanager.obj
c:\users\badum\desktop\arkanoidfinal\obj\arkanoid\debug\drawmanager.obj
c:\users\badum\desktop\arkanoidfinal\obj\arkanoid\debug\engine.obj
c:\users\badum\desktop\arkanoidfinal\obj\arkanoid\debug\gamestate.obj
c:\users\badum\desktop\arkanoidfinal\obj\arkanoid\debug\inputmanager.obj
c:\users\badum\desktop\arkanoidfinal\obj\arkanoid\debug\keyboard.obj
c:\users\badum\desktop\arkanoidfinal\obj\arkanoid\debug\main.obj
c:\users\badum\desktop\arkanoidfinal\obj\arkanoid\debug\mouse.obj
c:\users\badum\desktop\arkanoidfinal\obj\arkanoid\debug\paddle.obj
c:\users\badum\desktop\arkanoidfinal\obj\arkanoid\debug\sprite.obj
c:\users\badum\desktop\arkanoidfinal\obj\arkanoid\debug\spritemanager.obj
c:\users\badum\desktop\arkanoidfinal\obj\arkanoid\debug\state.obj
c:\users\badum\desktop\arkanoidfinal\obj\arkanoid\debug\statemanager.obj
c:\users\badum\desktop\arkanoidfinal\obj\arkanoid\debug\spritetext.obj
c:\users\badum\desktop\arkanoidfinal\obj\arkanoid\debug\soundclip.obj
c:\users\badum\desktop\arkanoidfinal\obj\arkanoid\debug\soundmanager.obj
c:\users\badum\desktop\arkanoidfinal\arkanoid\../bin/arkanoid.debug.exe
c:\users\badum\desktop\arkanoidfinal\obj\arkanoid\debug\arkanoid.tlog\cl.command.1.tlog
c:\users\badum\desktop\arkanoidfinal\obj\arkanoid\debug\arkanoid.tlog\cl.read.1.tlog
c:\users\badum\desktop\arkanoidfinal\obj\arkanoid\debug\arkanoid.tlog\cl.write.1.tlog
c:\users\badum\desktop\arkanoidfinal\obj\arkanoid\debug\arkanoid.tlog\link.command.1.tlog
c:\users\badum\desktop\arkanoidfinal\obj\arkanoid\debug\arkanoid.tlog\link.read.1.tlog
c:\users\badum\desktop\arkanoidfinal\obj\arkanoid\debug\arkanoid.tlog\link.write.1.tlog
